<?xml version="1.0" encoding="UTF-8"?>
<!-- Generated by org.testng.reporters.JUnitXMLReporter -->
<testsuite ignored="0" hostname="BKLAP117" failures="0" tests="4" name="Default test" time="383.591" errors="0" timestamp="14 Sep 2023 13:22:50 GMT">
  <testcase classname="com.bk.testScripts.loginPage.ClaimAdjusterManagePatientTest" name="verifyListOfPatientRecordAndSourceOrganization" time="55.755"/>
  <testcase classname="com.bk.testScripts.loginPage.ClaimAdjusterManagePatientTest" name="verifyVisibilityOfMenus" time="90.749"/>
  <testcase classname="com.bk.testScripts.loginPage.ClaimAdjusterManagePatientTest" name="verifyEditPatientReord" time="3.699"/>
  <testcase classname="com.bk.testScripts.loginPage.ClaimAdjusterManagePatientTest" name="verifyNumberOfClaimAndPrescriptionAssignedToPatient" time="185.942"/>
</testsuite> <!-- Default test -->
