<?xml version="1.0" encoding="UTF-8"?>
<!-- Generated by org.testng.reporters.JUnitXMLReporter -->
<testsuite ignored="0" hostname="BKLAP117" failures="0" tests="5" name="Default test" time="306.481" errors="0" timestamp="20 Sep 2023 14:58:36 GMT">
  <testcase classname="com.bk.testScripts.loginPage.ClaimAdjusterManagePatientTest" name="verifyNoOfOrganization" time="22.258"/>
  <testcase classname="com.bk.testScripts.loginPage.ClaimAdjusterManagePatientTest" name="verifyListOfPatientRecord" time="2.67"/>
  <testcase classname="com.bk.testScripts.loginPage.ClaimAdjusterManagePatientTest" name="verifyVisibilityOfMenus" time="91.176"/>
  <testcase classname="com.bk.testScripts.loginPage.ClaimAdjusterManagePatientTest" name="verifyNumberOfClaimAndPrescriptionAssignedToPatient" time="165.424"/>
  <testcase classname="com.bk.testScripts.loginPage.ClaimAdjusterManagePatientTest" name="verifyEditPatientReord" time="2.817"/>
</testsuite> <!-- Default test -->
