<?xml version="1.0" encoding="UTF-8"?>
<testng-results ignored="0" total="1" passed="1" failed="0" skipped="0">
  <reporter-output>
  </reporter-output>
  <suite started-at="2023-09-25T14:34:46Z" name="Default suite" finished-at="2023-09-25T14:35:13Z" duration-ms="27392">
    <groups>
    </groups>
    <test started-at="2023-09-25T14:34:46Z" name="Default test" finished-at="2023-09-25T14:35:13Z" duration-ms="27392">
      <class name="com.bk.testScripts.loginPage.ClaimAdjusterPrescriptionViewTest">
        <test-method is-config="true" signature="beforeSuite()[pri:0, instance:com.bk.testScripts.loginPage.ClaimAdjusterPrescriptionViewTest@7e6ef134]" started-at="2023-09-25T20:04:45Z" name="beforeSuite" finished-at="2023-09-25T20:04:46Z" duration-ms="359" status="PASS">
          <reporter-output>
          </reporter-output>
        </test-method> <!-- beforeSuite -->
        <test-method is-config="true" signature="beforeTest()[pri:0, instance:com.bk.testScripts.loginPage.ClaimAdjusterPrescriptionViewTest@7e6ef134]" started-at="2023-09-25T20:04:46Z" name="beforeTest" finished-at="2023-09-25T20:04:51Z" duration-ms="4915" status="PASS">
          <reporter-output>
          </reporter-output>
        </test-method> <!-- beforeTest -->
        <test-method is-config="true" signature="beforeMethod(java.lang.reflect.Method)[pri:0, instance:com.bk.testScripts.loginPage.ClaimAdjusterPrescriptionViewTest@7e6ef134]" started-at="2023-09-25T20:04:51Z" name="beforeMethod" finished-at="2023-09-25T20:04:55Z" duration-ms="4502" status="PASS">
          <params>
            <param index="0">
              <value>
                <![CDATA[public void com.bk.testScripts.loginPage.ClaimAdjusterPrescriptionViewTest.verifyListOfPrescriptionRecord()]]>
              </value>
            </param>
          </params>
          <reporter-output>
          </reporter-output>
        </test-method> <!-- beforeMethod -->
        <test-method signature="verifyListOfPrescriptionRecord()[pri:0, instance:com.bk.testScripts.loginPage.ClaimAdjusterPrescriptionViewTest@7e6ef134]" started-at="2023-09-25T20:04:55Z" name="verifyListOfPrescriptionRecord" description="Verify list of prescription records in prescription view page" finished-at="2023-09-25T20:05:11Z" duration-ms="15661" status="PASS">
          <reporter-output>
          </reporter-output>
        </test-method> <!-- verifyListOfPrescriptionRecord -->
        <test-method is-config="true" signature="afterMethod(org.testng.ITestResult)[pri:0, instance:com.bk.testScripts.loginPage.ClaimAdjusterPrescriptionViewTest@7e6ef134]" started-at="2023-09-25T20:05:11Z" name="afterMethod" finished-at="2023-09-25T20:05:11Z" duration-ms="333" status="PASS">
          <params>
            <param index="0">
              <value>
                <![CDATA[[TestResult name=verifyListOfPrescriptionRecord status=SUCCESS method=ClaimAdjusterPrescriptionViewTest.verifyListOfPrescriptionRecord()[pri:0, instance:com.bk.testScripts.loginPage.ClaimAdjusterPrescriptionViewTest@7e6ef134] output={null}]]]>
              </value>
            </param>
          </params>
          <reporter-output>
          </reporter-output>
        </test-method> <!-- afterMethod -->
        <test-method is-config="true" signature="afterTest()[pri:0, instance:com.bk.testScripts.loginPage.ClaimAdjusterPrescriptionViewTest@7e6ef134]" started-at="2023-09-25T20:05:11Z" name="afterTest" finished-at="2023-09-25T20:05:13Z" duration-ms="1965" status="PASS">
          <reporter-output>
          </reporter-output>
        </test-method> <!-- afterTest -->
      </class> <!-- com.bk.testScripts.loginPage.ClaimAdjusterPrescriptionViewTest -->
    </test> <!-- Default test -->
  </suite> <!-- Default suite -->
</testng-results>
